<?xml version="1.0" encoding="UTF-8"?>
<!-- Generated by org.testng.reporters.JUnitXMLReporter -->
<testsuite ignored="14" hostname="SSTDEVLT0010" failures="0" tests="20" name="Surefire test" time="18.983" errors="0" timestamp="2024-12-30T15:27:32 IST">
  <testcase classname="com.qa.sstaiframework.tests.Agent_CheckAgentsTest" name="@BeforeClass setUpAgentTest" time="0.003">
    <failure type="java.lang.NullPointerException" message="Cannot invoke &amp;quot;java.util.Properties.getProperty(String)&amp;quot; because &amp;quot;this.prop&amp;quot; is null">
      <![CDATA[java.lang.NullPointerException: Cannot invoke "java.util.Properties.getProperty(String)" because "this.prop" is null
at com.qa.sstaiframework.tests.Agent_CheckAgentsTest.setUpAgentTest(Agent_CheckAgentsTest.java:22)
at java.base/java.util.ArrayList.forEach(ArrayList.java:1597)
... Removed 27 stack frames]]>
    </failure>
  </testcase> <!-- @BeforeClass setUpAgentTest -->
  <testcase classname="com.qa.sstaiframework.tests.Agent_CreateTest" name="@BeforeClass setUpAgentCreation" time="0.001">
    <failure type="java.lang.NullPointerException" message="Cannot invoke &amp;quot;java.util.Properties.getProperty(String)&amp;quot; because &amp;quot;this.prop&amp;quot; is null">
      <![CDATA[java.lang.NullPointerException: Cannot invoke "java.util.Properties.getProperty(String)" because "this.prop" is null
at com.qa.sstaiframework.tests.Agent_CreateTest.setUpAgentCreation(Agent_CreateTest.java:21)
at java.base/java.util.ArrayList.forEach(ArrayList.java:1597)
... Removed 27 stack frames]]>
    </failure>
  </testcase> <!-- @BeforeClass setUpAgentCreation -->
  <testcase classname="com.qa.sstaiframework.tests.Agent_ValidationTest" name="@BeforeClass setUpAgentValidation" time="0.001">
    <failure type="java.lang.NullPointerException" message="Cannot invoke &amp;quot;java.util.Properties.getProperty(String)&amp;quot; because &amp;quot;this.prop&amp;quot; is null">
      <![CDATA[java.lang.NullPointerException: Cannot invoke "java.util.Properties.getProperty(String)" because "this.prop" is null
at com.qa.sstaiframework.tests.Agent_ValidationTest.setUpAgentValidation(Agent_ValidationTest.java:23)
at java.base/java.util.ArrayList.forEach(ArrayList.java:1597)
... Removed 27 stack frames]]>
    </failure>
  </testcase> <!-- @BeforeClass setUpAgentValidation -->
  <testcase classname="com.qa.sstaiframework.tests.Login_ProcessTest" name="@BeforeClass appLoginSetup" time="0.0">
    <failure type="java.lang.NullPointerException" message="Cannot invoke &amp;quot;java.util.Properties.getProperty(String)&amp;quot; because &amp;quot;this.prop&amp;quot; is null">
      <![CDATA[java.lang.NullPointerException: Cannot invoke "java.util.Properties.getProperty(String)" because "this.prop" is null
at com.qa.sstaiframework.tests.Login_ProcessTest.appLoginSetup(Login_ProcessTest.java:13)
at java.base/java.util.ArrayList.forEach(ArrayList.java:1597)
... Removed 27 stack frames]]>
    </failure>
  </testcase> <!-- @BeforeClass appLoginSetup -->
  <testcase classname="com.qa.sstaiframework.tests.Modules_NavigationTest" name="@BeforeClass setUpModulesNavigation" time="0.001">
    <failure type="java.lang.NullPointerException" message="Cannot invoke &amp;quot;java.util.Properties.getProperty(String)&amp;quot; because &amp;quot;this.prop&amp;quot; is null">
      <![CDATA[java.lang.NullPointerException: Cannot invoke "java.util.Properties.getProperty(String)" because "this.prop" is null
at com.qa.sstaiframework.tests.Modules_NavigationTest.setUpModulesNavigation(Modules_NavigationTest.java:17)
at java.base/java.util.ArrayList.forEach(ArrayList.java:1597)
... Removed 27 stack frames]]>
    </failure>
  </testcase> <!-- @BeforeClass setUpModulesNavigation -->
  <testcase classname="com.qa.sstaiframework.tests.SubAgent_CreateTest" name="@BeforeClass setUpAgentTest" time="0.001">
    <failure type="java.lang.NullPointerException" message="Cannot invoke &amp;quot;java.util.Properties.getProperty(String)&amp;quot; because &amp;quot;this.prop&amp;quot; is null">
      <![CDATA[java.lang.NullPointerException: Cannot invoke "java.util.Properties.getProperty(String)" because "this.prop" is null
at com.qa.sstaiframework.tests.SubAgent_CreateTest.setUpAgentTest(SubAgent_CreateTest.java:24)
at java.base/java.util.ArrayList.forEach(ArrayList.java:1597)
... Removed 27 stack frames]]>
    </failure>
  </testcase> <!-- @BeforeClass setUpAgentTest -->
  <testcase classname="com.qa.sstaiframework.tests.SubAgent_ValidationTest" name="@BeforeClass setUpAgentTest" time="0.001">
    <failure type="java.lang.NullPointerException" message="Cannot invoke &amp;quot;java.util.Properties.getProperty(String)&amp;quot; because &amp;quot;this.prop&amp;quot; is null">
      <![CDATA[java.lang.NullPointerException: Cannot invoke "java.util.Properties.getProperty(String)" because "this.prop" is null
at com.qa.sstaiframework.tests.SubAgent_ValidationTest.setUpAgentTest(SubAgent_ValidationTest.java:24)
at java.base/java.util.ArrayList.forEach(ArrayList.java:1597)
... Removed 27 stack frames]]>
    </failure>
  </testcase> <!-- @BeforeClass setUpAgentTest -->
  <testcase classname="com.qa.sstaiframework.tests.Agent_CheckAgentsTest" name="testCheckCreatedAgent" time="0.0">
    <skipped/>
  </testcase> <!-- testCheckCreatedAgent -->
  <testcase classname="com.qa.sstaiframework.tests.Agent_CheckAgentsTest" name="testSelectCreatedAgent" time="0.0">
    <skipped/>
  </testcase> <!-- testSelectCreatedAgent -->
  <testcase classname="com.qa.sstaiframework.tests.Agent_CheckAgentsTest" name="navigateToSubAgentScreenTest" time="0.0">
    <skipped/>
  </testcase> <!-- navigateToSubAgentScreenTest -->
  <testcase classname="com.qa.sstaiframework.tests.Agent_CreateTest" name="testCreateAgent" time="0.001">
    <skipped/>
  </testcase> <!-- testCreateAgent -->
  <testcase classname="com.qa.sstaiframework.tests.Agent_ValidationTest" name="checkProfileValidationTest" time="0.0">
    <skipped/>
  </testcase> <!-- checkProfileValidationTest -->
  <testcase classname="com.qa.sstaiframework.tests.Agent_ValidationTest" name="checkConfigValidationTest" time="0.0">
    <skipped/>
  </testcase> <!-- checkConfigValidationTest -->
  <testcase classname="com.qa.sstaiframework.tests.Login_ProcessTest" name="getLoginPageTitleTest" time="0.0">
    <skipped/>
  </testcase> <!-- getLoginPageTitleTest -->
  <testcase classname="com.qa.sstaiframework.tests.Login_ProcessTest" name="getchatHeadingTest" time="0.0">
    <skipped/>
  </testcase> <!-- getchatHeadingTest -->
  <testcase classname="com.qa.sstaiframework.tests.Modules_NavigationTest" name="createNewProjectTest" time="0.0">
    <skipped/>
  </testcase> <!-- createNewProjectTest -->
  <testcase classname="com.qa.sstaiframework.tests.Modules_NavigationTest" name="agentScreenNavigationTest" time="0.0">
    <skipped/>
  </testcase> <!-- agentScreenNavigationTest -->
  <testcase classname="com.qa.sstaiframework.tests.Modules_NavigationTest" name="modelsScreenNavigationTest" time="0.0">
    <skipped/>
  </testcase> <!-- modelsScreenNavigationTest -->
  <testcase classname="com.qa.sstaiframework.tests.Modules_NavigationTest" name="costingScreenNavigationTest" time="0.0">
    <skipped/>
  </testcase> <!-- costingScreenNavigationTest -->
  <testcase classname="com.qa.sstaiframework.tests.Modules_NavigationTest" name="policyScreenNavigationTest" time="0.0">
    <skipped/>
  </testcase> <!-- policyScreenNavigationTest -->
  <testcase classname="com.qa.sstaiframework.tests.Modules_NavigationTest" name="containerServicesScreenNavigationTest" time="0.0">
    <skipped/>
  </testcase> <!-- containerServicesScreenNavigationTest -->
  <testcase classname="com.qa.sstaiframework.tests.Modules_NavigationTest" name="trainAgentsScreenNavigationTest" time="0.0">
    <skipped/>
  </testcase> <!-- trainAgentsScreenNavigationTest -->
  <testcase classname="com.qa.sstaiframework.tests.Modules_NavigationTest" name="chatScreenNavigationTest" time="0.0">
    <skipped/>
  </testcase> <!-- chatScreenNavigationTest -->
  <testcase classname="com.qa.sstaiframework.tests.Modules_NavigationTest" name="logoutTest" time="0.0">
    <skipped/>
  </testcase> <!-- logoutTest -->
  <testcase classname="com.qa.sstaiframework.tests.SubAgent_CreateTest" name="testCreateAgent" time="0.0">
    <skipped/>
  </testcase> <!-- testCreateAgent -->
  <testcase classname="com.qa.sstaiframework.tests.SubAgent_ValidationTest" name="checkProfileValidationTest" time="0.0">
    <skipped/>
  </testcase> <!-- checkProfileValidationTest -->
  <testcase classname="com.qa.sstaiframework.tests.SubAgent_ValidationTest" name="checkConfigValidationTest" time="0.0">
    <skipped/>
  </testcase> <!-- checkConfigValidationTest -->
  <testcase classname="com.qa.sstaiframework.base.BaseTest" name="@BeforeTest setUp" time="0.0">
    <ignored/>
  </testcase> <!-- @BeforeTest setUp -->
  <testcase classname="com.qa.sstaiframework.base.BaseTest" name="@BeforeTest setUp" time="0.0">
    <ignored/>
  </testcase> <!-- @BeforeTest setUp -->
  <testcase classname="com.qa.sstaiframework.base.BaseTest" name="@AfterTest tearDown" time="0.0">
    <ignored/>
  </testcase> <!-- @AfterTest tearDown -->
  <testcase classname="com.qa.sstaiframework.base.BaseTest" name="@AfterTest tearDown" time="0.0">
    <ignored/>
  </testcase> <!-- @AfterTest tearDown -->
  <testcase classname="com.qa.sstaiframework.base.BaseTest" name="@BeforeTest setUp" time="0.0">
    <ignored/>
  </testcase> <!-- @BeforeTest setUp -->
  <testcase classname="com.qa.sstaiframework.base.BaseTest" name="@BeforeTest setUp" time="0.0">
    <ignored/>
  </testcase> <!-- @BeforeTest setUp -->
  <testcase classname="com.qa.sstaiframework.base.BaseTest" name="@AfterTest tearDown" time="0.0">
    <ignored/>
  </testcase> <!-- @AfterTest tearDown -->
  <testcase classname="com.qa.sstaiframework.base.BaseTest" name="@BeforeTest setUp" time="0.0">
    <ignored/>
  </testcase> <!-- @BeforeTest setUp -->
  <testcase classname="com.qa.sstaiframework.base.BaseTest" name="@AfterTest tearDown" time="0.0">
    <ignored/>
  </testcase> <!-- @AfterTest tearDown -->
  <testcase classname="com.qa.sstaiframework.base.BaseTest" name="@AfterTest tearDown" time="0.0">
    <ignored/>
  </testcase> <!-- @AfterTest tearDown -->
  <testcase classname="com.qa.sstaiframework.base.BaseTest" name="@BeforeTest setUp" time="0.0">
    <ignored/>
  </testcase> <!-- @BeforeTest setUp -->
  <testcase classname="com.qa.sstaiframework.base.BaseTest" name="@AfterTest tearDown" time="0.0">
    <ignored/>
  </testcase> <!-- @AfterTest tearDown -->
  <testcase classname="com.qa.sstaiframework.base.BaseTest" name="@BeforeTest setUp" time="0.0">
    <ignored/>
  </testcase> <!-- @BeforeTest setUp -->
  <testcase classname="com.qa.sstaiframework.base.BaseTest" name="@AfterTest tearDown" time="0.0">
    <ignored/>
  </testcase> <!-- @AfterTest tearDown -->
</testsuite> <!-- Surefire test -->
