<html>
<head>
<title>TestNG:  Default test</title>
<link href="../testng.css" rel="stylesheet" type="text/css" />
<link href="../my-testng.css" rel="stylesheet" type="text/css" />

<style type="text/css">
.log { display: none;} 
.stack-trace { display: none;} 
</style>
<script type="text/javascript">
<!--
function flip(e) {
  current = e.style.display;
  if (current == 'block') {
    e.style.display = 'none';
    return 0;
  }
  else {
    e.style.display = 'block';
    return 1;
  }
}

function toggleBox(szDivId, elem, msg1, msg2)
{
  var res = -1;  if (document.getElementById) {
    res = flip(document.getElementById(szDivId));
  }
  else if (document.all) {
    // this is the way old msie versions work
    res = flip(document.all[szDivId]);
  }
  if(elem) {
    if(res == 0) elem.innerHTML = msg1; else elem.innerHTML = msg2;
  }

}

function toggleAllBoxes() {
  if (document.getElementsByTagName) {
    d = document.getElementsByTagName('div');
    for (i = 0; i < d.length; i++) {
      if (d[i].className == 'log') {
        flip(d[i]);
      }
    }
  }
}

// -->
</script>

</head>
<body>
<h2 align='center'>Default test</h2><table border='1' align="center">
<tr>
<td>Tests passed/Failed/Skipped:</td><td>0/1/0</td>
</tr><tr>
<td>Started on:</td><td>Thu Jan 02 16:13:11 IST 2025</td>
</tr>
<tr><td>Total time:</td><td>88 seconds (88275 ms)</td>
</tr><tr>
<td>Included groups:</td><td></td>
</tr><tr>
<td>Excluded groups:</td><td></td>
</tr>
</table><p/>
<small><i>(Hover the method name to see the test class name)</i></small><p/>
<table width='100%' border='1' class='invocation-failed'>
<tr><td colspan='4' align='center'><b>FAILED TESTS</b></td></tr>
<tr><td><b>Test method</b></td>
<td><b>Attribute(s)</b></td>
<td width="30%"><b>Exception</b></td>
<td width="10%"><b>Time (seconds)</b></td>
<td><b>Instance</b></td>
</tr>
<tr>
<td title='com.qa.sstaiframework.tests.SubAgent_EditTest.editSAAgentTest()'><b>editSAAgentTest</b><br>Test class: com.qa.sstaiframework.tests.SubAgent_EditTest</td>
<td><div><pre>com.microsoft.playwright.PlaywrightException: Error {
  message=&apos;Error: strict mode violation: locator(&quot;//input[@name=&apos;agentName&apos;][1]&quot;) resolved to 2 elements:
    1) &lt;input disabled type=&quot;text&quot; maxlength=&quot;25&quot; name=&quot;agentN…/&gt; aka locator(&quot;input[name=\&quot;agentName\&quot;]&quot;).first()
    2) &lt;input disabled value=&quot;&quot; type=&quot;text&quot; maxlength=&quot;25&quot; nam…/&gt; aka locator(&quot;input[name=\&quot;agentName\&quot;]&quot;).nth(1)

  name=&apos;Error
  stack=&apos;Error: Error: strict mode violation: locator(&quot;//input[@name=&apos;agentName&apos;][1]&quot;) resolved to 2 elements:
    1) &lt;input disabled type=&quot;text&quot; maxlength=&quot;25&quot; name=&quot;agentN…/&gt; aka locator(&quot;input[name=\&quot;agentName\&quot;]&quot;).first()
    2) &lt;input disabled value=&quot;&quot; type=&quot;text&quot; maxlength=&quot;25&quot; nam…/&gt; aka locator(&quot;input[name=\&quot;agentName\&quot;]&quot;).nth(1)

    at CRExecutionContext.evaluateWithArguments (C:\Users\kaver\AppData\Local\Temp\playwright-java-11652443917842295794\package\lib\server\chromium\crExecutionContext.js:92:33)
    at async LongStandingScope._race (C:\Users\kaver\AppData\Local\Temp\playwright-java-11652443917842295794\package\lib\utils\manualPromise.js:96:14)
    at async evaluateExpression (C:\Users\kaver\AppData\Local\Temp\playwright-java-11652443917842295794\package\lib\server\javascript.js:241:12)
    at async C:\Users\kaver\AppData\Local\Temp\playwright-java-11652443917842295794\package\lib\server\frames.js:628:24
    at async Frame.retryWithProgressAndTimeouts (C:\Users\kaver\AppData\Local\Temp\playwright-java-11652443917842295794\package\lib\server\frames.js:912:24)
    at async ProgressController.run (C:\Users\kaver\AppData\Local\Temp\playwright-java-11652443917842295794\package\lib\server\progress.js:82:22)
    at async FrameDispatcher.waitForSelector (C:\Users\kaver\AppData\Local\Temp\playwright-java-11652443917842295794\package\lib\server\dispatchers\frameDispatcher.js:106:85)
    at async LongStandingScope._race (C:\Users\kaver\AppData\Local\Temp\playwright-java-11652443917842295794\package\lib\utils\manualPromise.js:96:14)
    at async FrameDispatcher._handleCommand (C:\Users\kaver\AppData\Local\Temp\playwright-java-11652443917842295794\package\lib\server\dispatchers\dispatcher.js:96:14)
    at async DispatcherConnection.dispatch (C:\Users\kaver\AppData\Local\Temp\playwright-java-11652443917842295794\package\lib\server\dispatchers\dispatcher.js:365:22)
}
Call log:
- waiting for locator(&quot;//input[@name=&apos;agentName&apos;][1]&quot;) to be visible

	at com.microsoft.playwright.impl.WaitableResult.get(WaitableResult.java:54)
	at com.microsoft.playwright.impl.ChannelOwner.runUntil(ChannelOwner.java:120)
	at com.microsoft.playwright.impl.Connection.sendMessage(Connection.java:130)
	at com.microsoft.playwright.impl.ChannelOwner.sendMessage(ChannelOwner.java:106)
	at com.microsoft.playwright.impl.FrameImpl.waitForSelectorImpl(FrameImpl.java:1060)
	at com.microsoft.playwright.impl.LocatorImpl.lambda$waitForImpl$7(LocatorImpl.java:610)
	at com.microsoft.playwright.impl.LoggingSupport.withLogging(LoggingSupport.java:47)
	at com.microsoft.playwright.impl.ChannelOwner.withLogging(ChannelOwner.java:89)
	at com.microsoft.playwright.impl.LocatorImpl.waitForImpl(LocatorImpl.java:610)
	at com.microsoft.playwright.impl.LocatorImpl.waitFor(LocatorImpl.java:606)
	at com.qa.sstaiframework.pages.Agents_Page.editSAProfileDetails(Agents_Page.java:357)
	at com.qa.sstaiframework.tests.SubAgent_EditTest.editSAAgentTest(SubAgent_EditTest.java:50)
	at java.base/jdk.internal.reflect.NativeMethodAccessorImpl.invoke0(Native Method)
	at java.base/jdk.internal.reflect.NativeMethodAccessorImpl.invoke(NativeMethodAccessorImpl.java:77)
	at java.base/jdk.internal.reflect.DelegatingMethodAccessorImpl.invoke(DelegatingMethodAccessorImpl.java:43)
	at java.base/java.lang.reflect.Method.invoke(Method.java:568)
	at org.testng.internal.invokers.MethodInvocationHelper.invokeMethod(MethodInvocationHelper.java:141)
	at org.testng.internal.invokers.TestInvoker.invokeMethod(TestInvoker.java:686)
	at org.testng.internal.invokers.TestInvoker.invokeTestMethod(TestInvoker.java:230)
	at org.testng.internal.invokers.MethodRunner.runInSequence(MethodRunner.java:63)
	at org.testng.internal.invokers.TestInvoker$MethodInvocationAgent.invoke(TestInvoker.java:992)
	at org.testng.internal.invokers.TestInvoker.invokeTestMethods(TestInvoker.java:203)
	at org.testng.internal.invokers.TestMethodWorker.invokeTestMethods(TestMethodWorker.java:154)
	at org.testng.internal.invokers.TestMethodWorker.run(TestMethodWorker.java:134)
	at java.base/java.util.ArrayList.forEach(ArrayList.java:1511)
	at org.testng.TestRunner.privateRun(TestRunner.java:739)
	at org.testng.TestRunner.run(TestRunner.java:614)
	at org.testng.SuiteRunner.runTest(SuiteRunner.java:421)
	at org.testng.SuiteRunner.runSequentially(SuiteRunner.java:413)
	at org.testng.SuiteRunner.privateRun(SuiteRunner.java:373)
	at org.testng.SuiteRunner.run(SuiteRunner.java:312)
	at org.testng.SuiteRunnerWorker.runSuite(SuiteRunnerWorker.java:52)
	at org.testng.SuiteRunnerWorker.run(SuiteRunnerWorker.java:95)
	at org.testng.TestNG.runSuitesSequentially(TestNG.java:1274)
	at org.testng.TestNG.runSuitesLocally(TestNG.java:1208)
	at org.testng.TestNG.runSuites(TestNG.java:1112)
	at org.testng.TestNG.run(TestNG.java:1079)
	at org.testng.remote.AbstractRemoteTestNG.run(AbstractRemoteTestNG.java:115)
	at org.testng.remote.RemoteTestNG.initAndRun(RemoteTestNG.java:293)
	at org.testng.remote.RemoteTestNG.main(RemoteTestNG.java:91)
Caused by: com.microsoft.playwright.impl.DriverException: Error {
  message=&apos;Error: strict mode violation: locator(&quot;//input[@name=&apos;agentName&apos;][1]&quot;) resolved to 2 elements:
    1) &lt;input disabled type=&quot;text&quot; maxlength=&quot;25&quot; name=&quot;agentN…/&gt; aka locator(&quot;input[name=\&quot;agentName\&quot;]&quot;).first()
    2) &lt;input disabled value=&quot;&quot; type=&quot;text&quot; maxlength=&quot;25&quot; nam…/&gt; aka locator(&quot;input[name=\&quot;agentName\&quot;]&quot;).nth(1)

  name=&apos;Error
  stack=&apos;Error: Error: strict mode violation: locator(&quot;//input[@name=&apos;agentName&apos;][1]&quot;) resolved to 2 elements:
    1) &lt;input disabled type=&quot;text&quot; maxlength=&quot;25&quot; name=&quot;agentN…/&gt; aka locator(&quot;input[name=\&quot;agentName\&quot;]&quot;).first()
    2) &lt;input disabled value=&quot;&quot; type=&quot;text&quot; maxlength=&quot;25&quot; nam…/&gt; aka locator(&quot;input[name=\&quot;agentName\&quot;]&quot;).nth(1)

    at CRExecutionContext.evaluateWithArguments (C:\Users\kaver\AppData\Local\Temp\playwright-java-11652443917842295794\package\lib\server\chromium\crExecutionContext.js:92:33)
    at async LongStandingScope._race (C:\Users\kaver\AppData\Local\Temp\playwright-java-11652443917842295794\package\lib\utils\manualPromise.js:96:14)
    at async evaluateExpression (C:\Users\kaver\AppData\Local\Temp\playwright-java-11652443917842295794\package\lib\server\javascript.js:241:12)
    at async C:\Users\kaver\AppData\Local\Temp\playwright-java-11652443917842295794\package\lib\server\frames.js:628:24
    at async Frame.retryWithProgressAndTimeouts (C:\Users\kaver\AppData\Local\Temp\playwright-java-11652443917842295794\package\lib\server\frames.js:912:24)
    at async ProgressController.run (C:\Users\kaver\AppData\Local\Temp\playwright-java-11652443917842295794\package\lib\server\progress.js:82:22)
    at async FrameDispatcher.waitForSelector (C:\Users\kaver\AppData\Local\Temp\playwright-java-11652443917842295794\package\lib\server\dispatchers\frameDispatcher.js:106:85)
    at async LongStandingScope._race (C:\Users\kaver\AppData\Local\Temp\playwright-java-11652443917842295794\package\lib\utils\manualPromise.js:96:14)
    at async FrameDispatcher._handleCommand (C:\Users\kaver\AppData\Local\Temp\playwright-java-11652443917842295794\package\lib\server\dispatchers\dispatcher.js:96:14)
    at async DispatcherConnection.dispatch (C:\Users\kaver\AppData\Local\Temp\playwright-java-11652443917842295794\package\lib\server\dispatchers\dispatcher.js:365:22)
}
Call log:
- waiting for locator(&quot;//input[@name=&apos;agentName&apos;][1]&quot;) to be visible

	at com.microsoft.playwright.impl.Connection.dispatch(Connection.java:259)
	at com.microsoft.playwright.impl.Connection.processOneMessage(Connection.java:211)
	at com.microsoft.playwright.impl.ChannelOwner.runUntil(ChannelOwner.java:118)
	... 38 more
</pre></div><a href='#' onClick='toggleBox("stack-trace1839206329", this, "Click to show all stack frames", "Click to hide stack frames")'>Click to show all stack frames</a>
<div class='stack-trace' id='stack-trace1839206329'><pre>com.microsoft.playwright.PlaywrightException: Error {
  message=&apos;Error: strict mode violation: locator(&quot;//input[@name=&apos;agentName&apos;][1]&quot;) resolved to 2 elements:
    1) &lt;input disabled type=&quot;text&quot; maxlength=&quot;25&quot; name=&quot;agentN…/&gt; aka locator(&quot;input[name=\&quot;agentName\&quot;]&quot;).first()
    2) &lt;input disabled value=&quot;&quot; type=&quot;text&quot; maxlength=&quot;25&quot; nam…/&gt; aka locator(&quot;input[name=\&quot;agentName\&quot;]&quot;).nth(1)

  name=&apos;Error
  stack=&apos;Error: Error: strict mode violation: locator(&quot;//input[@name=&apos;agentName&apos;][1]&quot;) resolved to 2 elements:
    1) &lt;input disabled type=&quot;text&quot; maxlength=&quot;25&quot; name=&quot;agentN…/&gt; aka locator(&quot;input[name=\&quot;agentName\&quot;]&quot;).first()
    2) &lt;input disabled value=&quot;&quot; type=&quot;text&quot; maxlength=&quot;25&quot; nam…/&gt; aka locator(&quot;input[name=\&quot;agentName\&quot;]&quot;).nth(1)

    at CRExecutionContext.evaluateWithArguments (C:\Users\kaver\AppData\Local\Temp\playwright-java-11652443917842295794\package\lib\server\chromium\crExecutionContext.js:92:33)
    at async LongStandingScope._race (C:\Users\kaver\AppData\Local\Temp\playwright-java-11652443917842295794\package\lib\utils\manualPromise.js:96:14)
    at async evaluateExpression (C:\Users\kaver\AppData\Local\Temp\playwright-java-11652443917842295794\package\lib\server\javascript.js:241:12)
    at async C:\Users\kaver\AppData\Local\Temp\playwright-java-11652443917842295794\package\lib\server\frames.js:628:24
    at async Frame.retryWithProgressAndTimeouts (C:\Users\kaver\AppData\Local\Temp\playwright-java-11652443917842295794\package\lib\server\frames.js:912:24)
    at async ProgressController.run (C:\Users\kaver\AppData\Local\Temp\playwright-java-11652443917842295794\package\lib\server\progress.js:82:22)
    at async FrameDispatcher.waitForSelector (C:\Users\kaver\AppData\Local\Temp\playwright-java-11652443917842295794\package\lib\server\dispatchers\frameDispatcher.js:106:85)
    at async LongStandingScope._race (C:\Users\kaver\AppData\Local\Temp\playwright-java-11652443917842295794\package\lib\utils\manualPromise.js:96:14)
    at async FrameDispatcher._handleCommand (C:\Users\kaver\AppData\Local\Temp\playwright-java-11652443917842295794\package\lib\server\dispatchers\dispatcher.js:96:14)
    at async DispatcherConnection.dispatch (C:\Users\kaver\AppData\Local\Temp\playwright-java-11652443917842295794\package\lib\server\dispatchers\dispatcher.js:365:22)
}
Call log:
- waiting for locator(&quot;//input[@name=&apos;agentName&apos;][1]&quot;) to be visible

	at com.microsoft.playwright.impl.WaitableResult.get(WaitableResult.java:54)
	at com.microsoft.playwright.impl.ChannelOwner.runUntil(ChannelOwner.java:120)
	at com.microsoft.playwright.impl.Connection.sendMessage(Connection.java:130)
	at com.microsoft.playwright.impl.ChannelOwner.sendMessage(ChannelOwner.java:106)
	at com.microsoft.playwright.impl.FrameImpl.waitForSelectorImpl(FrameImpl.java:1060)
	at com.microsoft.playwright.impl.LocatorImpl.lambda$waitForImpl$7(LocatorImpl.java:610)
	at com.microsoft.playwright.impl.LoggingSupport.withLogging(LoggingSupport.java:47)
	at com.microsoft.playwright.impl.ChannelOwner.withLogging(ChannelOwner.java:89)
	at com.microsoft.playwright.impl.LocatorImpl.waitForImpl(LocatorImpl.java:610)
	at com.microsoft.playwright.impl.LocatorImpl.waitFor(LocatorImpl.java:606)
	at com.qa.sstaiframework.pages.Agents_Page.editSAProfileDetails(Agents_Page.java:357)
	at com.qa.sstaiframework.tests.SubAgent_EditTest.editSAAgentTest(SubAgent_EditTest.java:50)
	at java.base/jdk.internal.reflect.NativeMethodAccessorImpl.invoke0(Native Method)
	at java.base/jdk.internal.reflect.NativeMethodAccessorImpl.invoke(NativeMethodAccessorImpl.java:77)
	at java.base/jdk.internal.reflect.DelegatingMethodAccessorImpl.invoke(DelegatingMethodAccessorImpl.java:43)
	at java.base/java.lang.reflect.Method.invoke(Method.java:568)
	at org.testng.internal.invokers.MethodInvocationHelper.invokeMethod(MethodInvocationHelper.java:141)
	at org.testng.internal.invokers.TestInvoker.invokeMethod(TestInvoker.java:686)
	at org.testng.internal.invokers.TestInvoker.invokeTestMethod(TestInvoker.java:230)
	at org.testng.internal.invokers.MethodRunner.runInSequence(MethodRunner.java:63)
	at org.testng.internal.invokers.TestInvoker$MethodInvocationAgent.invoke(TestInvoker.java:992)
	at org.testng.internal.invokers.TestInvoker.invokeTestMethods(TestInvoker.java:203)
	at org.testng.internal.invokers.TestMethodWorker.invokeTestMethods(TestMethodWorker.java:154)
	at org.testng.internal.invokers.TestMethodWorker.run(TestMethodWorker.java:134)
	at java.base/java.util.ArrayList.forEach(ArrayList.java:1511)
	at org.testng.TestRunner.privateRun(TestRunner.java:739)
	at org.testng.TestRunner.run(TestRunner.java:614)
	at org.testng.SuiteRunner.runTest(SuiteRunner.java:421)
	at org.testng.SuiteRunner.runSequentially(SuiteRunner.java:413)
	at org.testng.SuiteRunner.privateRun(SuiteRunner.java:373)
	at org.testng.SuiteRunner.run(SuiteRunner.java:312)
	at org.testng.SuiteRunnerWorker.runSuite(SuiteRunnerWorker.java:52)
	at org.testng.SuiteRunnerWorker.run(SuiteRunnerWorker.java:95)
	at org.testng.TestNG.runSuitesSequentially(TestNG.java:1274)
	at org.testng.TestNG.runSuitesLocally(TestNG.java:1208)
	at org.testng.TestNG.runSuites(TestNG.java:1112)
	at org.testng.TestNG.run(TestNG.java:1079)
	at org.testng.remote.AbstractRemoteTestNG.run(AbstractRemoteTestNG.java:115)
	at org.testng.remote.RemoteTestNG.initAndRun(RemoteTestNG.java:293)
	at org.testng.remote.RemoteTestNG.main(RemoteTestNG.java:91)
Caused by: com.microsoft.playwright.impl.DriverException: Error {
  message=&apos;Error: strict mode violation: locator(&quot;//input[@name=&apos;agentName&apos;][1]&quot;) resolved to 2 elements:
    1) &lt;input disabled type=&quot;text&quot; maxlength=&quot;25&quot; name=&quot;agentN…/&gt; aka locator(&quot;input[name=\&quot;agentName\&quot;]&quot;).first()
    2) &lt;input disabled value=&quot;&quot; type=&quot;text&quot; maxlength=&quot;25&quot; nam…/&gt; aka locator(&quot;input[name=\&quot;agentName\&quot;]&quot;).nth(1)

  name=&apos;Error
  stack=&apos;Error: Error: strict mode violation: locator(&quot;//input[@name=&apos;agentName&apos;][1]&quot;) resolved to 2 elements:
    1) &lt;input disabled type=&quot;text&quot; maxlength=&quot;25&quot; name=&quot;agentN…/&gt; aka locator(&quot;input[name=\&quot;agentName\&quot;]&quot;).first()
    2) &lt;input disabled value=&quot;&quot; type=&quot;text&quot; maxlength=&quot;25&quot; nam…/&gt; aka locator(&quot;input[name=\&quot;agentName\&quot;]&quot;).nth(1)

    at CRExecutionContext.evaluateWithArguments (C:\Users\kaver\AppData\Local\Temp\playwright-java-11652443917842295794\package\lib\server\chromium\crExecutionContext.js:92:33)
    at async LongStandingScope._race (C:\Users\kaver\AppData\Local\Temp\playwright-java-11652443917842295794\package\lib\utils\manualPromise.js:96:14)
    at async evaluateExpression (C:\Users\kaver\AppData\Local\Temp\playwright-java-11652443917842295794\package\lib\server\javascript.js:241:12)
    at async C:\Users\kaver\AppData\Local\Temp\playwright-java-11652443917842295794\package\lib\server\frames.js:628:24
    at async Frame.retryWithProgressAndTimeouts (C:\Users\kaver\AppData\Local\Temp\playwright-java-11652443917842295794\package\lib\server\frames.js:912:24)
    at async ProgressController.run (C:\Users\kaver\AppData\Local\Temp\playwright-java-11652443917842295794\package\lib\server\progress.js:82:22)
    at async FrameDispatcher.waitForSelector (C:\Users\kaver\AppData\Local\Temp\playwright-java-11652443917842295794\package\lib\server\dispatchers\frameDispatcher.js:106:85)
    at async LongStandingScope._race (C:\Users\kaver\AppData\Local\Temp\playwright-java-11652443917842295794\package\lib\utils\manualPromise.js:96:14)
    at async FrameDispatcher._handleCommand (C:\Users\kaver\AppData\Local\Temp\playwright-java-11652443917842295794\package\lib\server\dispatchers\dispatcher.js:96:14)
    at async DispatcherConnection.dispatch (C:\Users\kaver\AppData\Local\Temp\playwright-java-11652443917842295794\package\lib\server\dispatchers\dispatcher.js:365:22)
}
Call log:
- waiting for locator(&quot;//input[@name=&apos;agentName&apos;][1]&quot;) to be visible

	at com.microsoft.playwright.impl.Connection.dispatch(Connection.java:259)
	at com.microsoft.playwright.impl.Connection.processOneMessage(Connection.java:211)
	at com.microsoft.playwright.impl.ChannelOwner.runUntil(ChannelOwner.java:118)
	... 38 more
</pre></div></td>
<td>31</td>
<td>com.qa.sstaiframework.tests.SubAgent_EditTest@66ea810</td></tr>
</table><p>
</body>
</html>