<?xml version="1.0" encoding="UTF-8"?>
<testng-results ignored="0" total="1" passed="0" failed="1" skipped="0">
  <reporter-output>
  </reporter-output>
  <suite started-at="2025-01-02T16:13:11 IST" name="Default suite" finished-at="2025-01-02T16:14:39 IST" duration-ms="88275">
    <groups>
    </groups>
    <test started-at="2025-01-02T16:13:11 IST" name="Default test" finished-at="2025-01-02T16:14:39 IST" duration-ms="88275">
      <class name="com.qa.sstaiframework.tests.SubAgent_EditTest">
        <test-method is-config="true" signature="setUp()[pri:0, instance:com.qa.sstaiframework.tests.SubAgent_EditTest@66ea810]" started-at="2025-01-02T16:13:11 IST" name="setUp" finished-at="2025-01-02T16:13:28 IST" duration-ms="16798" status="PASS">
          <reporter-output>
          </reporter-output>
        </test-method> <!-- setUp -->
        <test-method is-config="true" signature="setUpAgentTest()[pri:0, instance:com.qa.sstaiframework.tests.SubAgent_EditTest@66ea810]" started-at="2025-01-02T16:13:28 IST" name="setUpAgentTest" finished-at="2025-01-02T16:14:07 IST" duration-ms="39499" status="PASS">
          <reporter-output>
          </reporter-output>
        </test-method> <!-- setUpAgentTest -->
        <test-method signature="editSAAgentTest()[pri:1, instance:com.qa.sstaiframework.tests.SubAgent_EditTest@66ea810]" started-at="2025-01-02T16:14:07 IST" name="editSAAgentTest" finished-at="2025-01-02T16:14:39 IST" duration-ms="31451" status="FAIL">
          <exception class="com.microsoft.playwright.PlaywrightException">
            <message>
              <![CDATA[Error {
  message='Error: strict mode violation: locator("//input[@name='agentName'][1]") resolved to 2 elements:
    1) <input disabled type="text" maxlength="25" name="agentN…/> aka locator("input[name=\"agentName\"]").first()
    2) <input disabled value="" type="text" maxlength="25" nam…/> aka locator("input[name=\"agentName\"]").nth(1)

  name='Error
  stack='Error: Error: strict mode violation: locator("//input[@name='agentName'][1]") resolved to 2 elements:
    1) <input disabled type="text" maxlength="25" name="agentN…/> aka locator("input[name=\"agentName\"]").first()
    2) <input disabled value="" type="text" maxlength="25" nam…/> aka locator("input[name=\"agentName\"]").nth(1)

    at CRExecutionContext.evaluateWithArguments (C:\Users\kaver\AppData\Local\Temp\playwright-java-11652443917842295794\package\lib\server\chromium\crExecutionContext.js:92:33)
    at async LongStandingScope._race (C:\Users\kaver\AppData\Local\Temp\playwright-java-11652443917842295794\package\lib\utils\manualPromise.js:96:14)
    at async evaluateExpression (C:\Users\kaver\AppData\Local\Temp\playwright-java-11652443917842295794\package\lib\server\javascript.js:241:12)
    at async C:\Users\kaver\AppData\Local\Temp\playwright-java-11652443917842295794\package\lib\server\frames.js:628:24
    at async Frame.retryWithProgressAndTimeouts (C:\Users\kaver\AppData\Local\Temp\playwright-java-11652443917842295794\package\lib\server\frames.js:912:24)
    at async ProgressController.run (C:\Users\kaver\AppData\Local\Temp\playwright-java-11652443917842295794\package\lib\server\progress.js:82:22)
    at async FrameDispatcher.waitForSelector (C:\Users\kaver\AppData\Local\Temp\playwright-java-11652443917842295794\package\lib\server\dispatchers\frameDispatcher.js:106:85)
    at async LongStandingScope._race (C:\Users\kaver\AppData\Local\Temp\playwright-java-11652443917842295794\package\lib\utils\manualPromise.js:96:14)
    at async FrameDispatcher._handleCommand (C:\Users\kaver\AppData\Local\Temp\playwright-java-11652443917842295794\package\lib\server\dispatchers\dispatcher.js:96:14)
    at async DispatcherConnection.dispatch (C:\Users\kaver\AppData\Local\Temp\playwright-java-11652443917842295794\package\lib\server\dispatchers\dispatcher.js:365:22)
}
Call log:
- waiting for locator("//input[@name='agentName'][1]") to be visible
]]>
            </message>
            <full-stacktrace>
              <![CDATA[com.microsoft.playwright.PlaywrightException: Error {
  message='Error: strict mode violation: locator("//input[@name='agentName'][1]") resolved to 2 elements:
    1) <input disabled type="text" maxlength="25" name="agentN…/> aka locator("input[name=\"agentName\"]").first()
    2) <input disabled value="" type="text" maxlength="25" nam…/> aka locator("input[name=\"agentName\"]").nth(1)

  name='Error
  stack='Error: Error: strict mode violation: locator("//input[@name='agentName'][1]") resolved to 2 elements:
    1) <input disabled type="text" maxlength="25" name="agentN…/> aka locator("input[name=\"agentName\"]").first()
    2) <input disabled value="" type="text" maxlength="25" nam…/> aka locator("input[name=\"agentName\"]").nth(1)

    at CRExecutionContext.evaluateWithArguments (C:\Users\kaver\AppData\Local\Temp\playwright-java-11652443917842295794\package\lib\server\chromium\crExecutionContext.js:92:33)
    at async LongStandingScope._race (C:\Users\kaver\AppData\Local\Temp\playwright-java-11652443917842295794\package\lib\utils\manualPromise.js:96:14)
    at async evaluateExpression (C:\Users\kaver\AppData\Local\Temp\playwright-java-11652443917842295794\package\lib\server\javascript.js:241:12)
    at async C:\Users\kaver\AppData\Local\Temp\playwright-java-11652443917842295794\package\lib\server\frames.js:628:24
    at async Frame.retryWithProgressAndTimeouts (C:\Users\kaver\AppData\Local\Temp\playwright-java-11652443917842295794\package\lib\server\frames.js:912:24)
    at async ProgressController.run (C:\Users\kaver\AppData\Local\Temp\playwright-java-11652443917842295794\package\lib\server\progress.js:82:22)
    at async FrameDispatcher.waitForSelector (C:\Users\kaver\AppData\Local\Temp\playwright-java-11652443917842295794\package\lib\server\dispatchers\frameDispatcher.js:106:85)
    at async LongStandingScope._race (C:\Users\kaver\AppData\Local\Temp\playwright-java-11652443917842295794\package\lib\utils\manualPromise.js:96:14)
    at async FrameDispatcher._handleCommand (C:\Users\kaver\AppData\Local\Temp\playwright-java-11652443917842295794\package\lib\server\dispatchers\dispatcher.js:96:14)
    at async DispatcherConnection.dispatch (C:\Users\kaver\AppData\Local\Temp\playwright-java-11652443917842295794\package\lib\server\dispatchers\dispatcher.js:365:22)
}
Call log:
- waiting for locator("//input[@name='agentName'][1]") to be visible

at com.microsoft.playwright.impl.WaitableResult.get(WaitableResult.java:54)
at com.microsoft.playwright.impl.ChannelOwner.runUntil(ChannelOwner.java:120)
at com.microsoft.playwright.impl.Connection.sendMessage(Connection.java:130)
at com.microsoft.playwright.impl.ChannelOwner.sendMessage(ChannelOwner.java:106)
at com.microsoft.playwright.impl.FrameImpl.waitForSelectorImpl(FrameImpl.java:1060)
at com.microsoft.playwright.impl.LocatorImpl.lambda$waitForImpl$7(LocatorImpl.java:610)
at com.microsoft.playwright.impl.LoggingSupport.withLogging(LoggingSupport.java:47)
at com.microsoft.playwright.impl.ChannelOwner.withLogging(ChannelOwner.java:89)
at com.microsoft.playwright.impl.LocatorImpl.waitForImpl(LocatorImpl.java:610)
at com.microsoft.playwright.impl.LocatorImpl.waitFor(LocatorImpl.java:606)
at com.qa.sstaiframework.pages.Agents_Page.editSAProfileDetails(Agents_Page.java:357)
at com.qa.sstaiframework.tests.SubAgent_EditTest.editSAAgentTest(SubAgent_EditTest.java:50)
at java.base/jdk.internal.reflect.NativeMethodAccessorImpl.invoke0(Native Method)
at java.base/jdk.internal.reflect.NativeMethodAccessorImpl.invoke(NativeMethodAccessorImpl.java:77)
at java.base/jdk.internal.reflect.DelegatingMethodAccessorImpl.invoke(DelegatingMethodAccessorImpl.java:43)
at java.base/java.lang.reflect.Method.invoke(Method.java:568)
at org.testng.internal.invokers.MethodInvocationHelper.invokeMethod(MethodInvocationHelper.java:141)
at org.testng.internal.invokers.TestInvoker.invokeMethod(TestInvoker.java:686)
at org.testng.internal.invokers.TestInvoker.invokeTestMethod(TestInvoker.java:230)
at org.testng.internal.invokers.MethodRunner.runInSequence(MethodRunner.java:63)
at org.testng.internal.invokers.TestInvoker$MethodInvocationAgent.invoke(TestInvoker.java:992)
at org.testng.internal.invokers.TestInvoker.invokeTestMethods(TestInvoker.java:203)
at org.testng.internal.invokers.TestMethodWorker.invokeTestMethods(TestMethodWorker.java:154)
at org.testng.internal.invokers.TestMethodWorker.run(TestMethodWorker.java:134)
at java.base/java.util.ArrayList.forEach(ArrayList.java:1511)
at org.testng.TestRunner.privateRun(TestRunner.java:739)
at org.testng.TestRunner.run(TestRunner.java:614)
at org.testng.SuiteRunner.runTest(SuiteRunner.java:421)
at org.testng.SuiteRunner.runSequentially(SuiteRunner.java:413)
at org.testng.SuiteRunner.privateRun(SuiteRunner.java:373)
at org.testng.SuiteRunner.run(SuiteRunner.java:312)
at org.testng.SuiteRunnerWorker.runSuite(SuiteRunnerWorker.java:52)
at org.testng.SuiteRunnerWorker.run(SuiteRunnerWorker.java:95)
at org.testng.TestNG.runSuitesSequentially(TestNG.java:1274)
at org.testng.TestNG.runSuitesLocally(TestNG.java:1208)
at org.testng.TestNG.runSuites(TestNG.java:1112)
at org.testng.TestNG.run(TestNG.java:1079)
at org.testng.remote.AbstractRemoteTestNG.run(AbstractRemoteTestNG.java:115)
at org.testng.remote.RemoteTestNG.initAndRun(RemoteTestNG.java:293)
at org.testng.remote.RemoteTestNG.main(RemoteTestNG.java:91)
Caused by: com.microsoft.playwright.impl.DriverException: Error {
  message='Error: strict mode violation: locator("//input[@name='agentName'][1]") resolved to 2 elements:
    1) <input disabled type="text" maxlength="25" name="agentN…/> aka locator("input[name=\"agentName\"]").first()
    2) <input disabled value="" type="text" maxlength="25" nam…/> aka locator("input[name=\"agentName\"]").nth(1)

  name='Error
  stack='Error: Error: strict mode violation: locator("//input[@name='agentName'][1]") resolved to 2 elements:
    1) <input disabled type="text" maxlength="25" name="agentN…/> aka locator("input[name=\"agentName\"]").first()
    2) <input disabled value="" type="text" maxlength="25" nam…/> aka locator("input[name=\"agentName\"]").nth(1)

    at CRExecutionContext.evaluateWithArguments (C:\Users\kaver\AppData\Local\Temp\playwright-java-11652443917842295794\package\lib\server\chromium\crExecutionContext.js:92:33)
    at async LongStandingScope._race (C:\Users\kaver\AppData\Local\Temp\playwright-java-11652443917842295794\package\lib\utils\manualPromise.js:96:14)
    at async evaluateExpression (C:\Users\kaver\AppData\Local\Temp\playwright-java-11652443917842295794\package\lib\server\javascript.js:241:12)
    at async C:\Users\kaver\AppData\Local\Temp\playwright-java-11652443917842295794\package\lib\server\frames.js:628:24
    at async Frame.retryWithProgressAndTimeouts (C:\Users\kaver\AppData\Local\Temp\playwright-java-11652443917842295794\package\lib\server\frames.js:912:24)
    at async ProgressController.run (C:\Users\kaver\AppData\Local\Temp\playwright-java-11652443917842295794\package\lib\server\progress.js:82:22)
    at async FrameDispatcher.waitForSelector (C:\Users\kaver\AppData\Local\Temp\playwright-java-11652443917842295794\package\lib\server\dispatchers\frameDispatcher.js:106:85)
    at async LongStandingScope._race (C:\Users\kaver\AppData\Local\Temp\playwright-java-11652443917842295794\package\lib\utils\manualPromise.js:96:14)
    at async FrameDispatcher._handleCommand (C:\Users\kaver\AppData\Local\Temp\playwright-java-11652443917842295794\package\lib\server\dispatchers\dispatcher.js:96:14)
    at async DispatcherConnection.dispatch (C:\Users\kaver\AppData\Local\Temp\playwright-java-11652443917842295794\package\lib\server\dispatchers\dispatcher.js:365:22)
}
Call log:
- waiting for locator("//input[@name='agentName'][1]") to be visible

at com.microsoft.playwright.impl.Connection.dispatch(Connection.java:259)
at com.microsoft.playwright.impl.Connection.processOneMessage(Connection.java:211)
at com.microsoft.playwright.impl.ChannelOwner.runUntil(ChannelOwner.java:118)
... 38 more
]]>
            </full-stacktrace>
          </exception> <!-- com.microsoft.playwright.PlaywrightException -->
          <reporter-output>
          </reporter-output>
        </test-method> <!-- editSAAgentTest -->
        <test-method is-config="true" signature="tearDown()[pri:0, instance:com.qa.sstaiframework.tests.SubAgent_EditTest@66ea810]" started-at="2025-01-02T16:14:39 IST" name="tearDown" finished-at="2025-01-02T16:14:39 IST" duration-ms="429" status="PASS">
          <reporter-output>
          </reporter-output>
        </test-method> <!-- tearDown -->
      </class> <!-- com.qa.sstaiframework.tests.SubAgent_EditTest -->
    </test> <!-- Default test -->
  </suite> <!-- Default suite -->
</testng-results>
