<?xml version="1.0" encoding="UTF-8"?>
<!-- Generated by org.testng.reporters.JUnitXMLReporter -->
<testsuite ignored="2" hostname="SSTDEVLT0010" failures="0" tests="11" name="Firefox Tests" time="8.777" errors="0" timestamp="2024-12-30T15:09:16 IST">
  <testcase classname="com.qa.sstaiframework.base.BaseTest" name="@BeforeTest setUp" time="8.585">
    <failure type="java.lang.IllegalArgumentException" message="Browser not supported: dynamic">
      <![CDATA[java.lang.IllegalArgumentException: Browser not supported: dynamic
at com.qa.sstaiframework.factory.PlaywrightFactory.initBrowser(PlaywrightFactory.java:46)
at com.qa.sstaiframework.base.BaseTest.setUp(BaseTest.java:26)
at java.base/java.util.concurrent.FutureTask.run(FutureTask.java:264)
at java.base/java.util.concurrent.ThreadPoolExecutor.runWorker(ThreadPoolExecutor.java:1136)
at java.base/java.util.concurrent.ThreadPoolExecutor$Worker.run(ThreadPoolExecutor.java:635)
at java.base/java.lang.Thread.run(Thread.java:833)
... Removed 14 stack frames]]>
    </failure>
  </testcase> <!-- @BeforeTest setUp -->
  <testcase classname="com.qa.sstaiframework.tests.Agent_ValidationTest" name="@BeforeClass setUpAgentValidation" time="0.0">
    <skipped/>
  </testcase> <!-- @BeforeClass setUpAgentValidation -->
  <testcase classname="com.qa.sstaiframework.tests.Modules_NavigationTest" name="@BeforeClass setUpModulesNavigation" time="0.0">
    <skipped/>
  </testcase> <!-- @BeforeClass setUpModulesNavigation -->
  <testcase classname="com.qa.sstaiframework.tests.Agent_ValidationTest" name="checkProfileValidationTest" time="0.0">
    <skipped/>
  </testcase> <!-- checkProfileValidationTest -->
  <testcase classname="com.qa.sstaiframework.tests.Modules_NavigationTest" name="createNewProjectTest" time="0.0">
    <skipped/>
  </testcase> <!-- createNewProjectTest -->
  <testcase classname="com.qa.sstaiframework.tests.Modules_NavigationTest" name="agentScreenNavigationTest" time="0.0">
    <skipped/>
  </testcase> <!-- agentScreenNavigationTest -->
  <testcase classname="com.qa.sstaiframework.tests.Agent_ValidationTest" name="checkConfigValidationTest" time="0.0">
    <skipped/>
  </testcase> <!-- checkConfigValidationTest -->
  <testcase classname="com.qa.sstaiframework.tests.Modules_NavigationTest" name="modelsScreenNavigationTest" time="0.0">
    <skipped/>
  </testcase> <!-- modelsScreenNavigationTest -->
  <testcase classname="com.qa.sstaiframework.tests.Modules_NavigationTest" name="costingScreenNavigationTest" time="0.0">
    <skipped/>
  </testcase> <!-- costingScreenNavigationTest -->
  <testcase classname="com.qa.sstaiframework.tests.Modules_NavigationTest" name="policyScreenNavigationTest" time="0.0">
    <skipped/>
  </testcase> <!-- policyScreenNavigationTest -->
  <testcase classname="com.qa.sstaiframework.tests.Modules_NavigationTest" name="containerServicesScreenNavigationTest" time="0.0">
    <skipped/>
  </testcase> <!-- containerServicesScreenNavigationTest -->
  <testcase classname="com.qa.sstaiframework.tests.Modules_NavigationTest" name="trainAgentsScreenNavigationTest" time="0.0">
    <skipped/>
  </testcase> <!-- trainAgentsScreenNavigationTest -->
  <testcase classname="com.qa.sstaiframework.tests.Modules_NavigationTest" name="chatScreenNavigationTest" time="0.0">
    <skipped/>
  </testcase> <!-- chatScreenNavigationTest -->
  <testcase classname="com.qa.sstaiframework.tests.Modules_NavigationTest" name="logoutTest" time="0.0">
    <skipped/>
  </testcase> <!-- logoutTest -->
  <testcase classname="com.qa.sstaiframework.base.BaseTest" name="@AfterTest tearDown" time="0.0">
    <ignored/>
  </testcase> <!-- @AfterTest tearDown -->
  <testcase classname="com.qa.sstaiframework.base.BaseTest" name="@BeforeTest setUp" time="0.0">
    <ignored/>
  </testcase> <!-- @BeforeTest setUp -->
</testsuite> <!-- Firefox Tests -->
