<?xml version="1.0" encoding="UTF-8"?>
<!-- Generated by org.testng.reporters.JUnitReportReporter -->
<testsuite hostname="SSTDEVLT0010" failures="0" tests="10" name="com.qa.sstaiframework.tests.Modules_NavigationTest" time="0.001" errors="1" timestamp="2024-12-30T15:27:32 IST" skipped="9">
  <testcase classname="com.qa.sstaiframework.tests.Modules_NavigationTest" name="setUpModulesNavigation" time="0.001">
    <error message="Cannot invoke &quot;java.util.Properties.getProperty(String)&quot; because &quot;this.prop&quot; is null" type="java.lang.NullPointerException">
      <![CDATA[java.lang.NullPointerException: Cannot invoke "java.util.Properties.getProperty(String)" because "this.prop" is null
at com.qa.sstaiframework.tests.Modules_NavigationTest.setUpModulesNavigation(Modules_NavigationTest.java:17)
at java.base/jdk.internal.reflect.DirectMethodHandleAccessor.invoke(DirectMethodHandleAccessor.java:103)
at java.base/java.lang.reflect.Method.invoke(Method.java:580)
at org.testng.internal.invokers.MethodInvocationHelper.invokeMethod(MethodInvocationHelper.java:141)
at org.testng.internal.invokers.MethodInvocationHelper.invokeMethodConsideringTimeout(MethodInvocationHelper.java:71)
at org.testng.internal.invokers.ConfigInvoker.invokeConfigurationMethod(ConfigInvoker.java:400)
at org.testng.internal.invokers.ConfigInvoker.invokeConfigurations(ConfigInvoker.java:333)
at org.testng.internal.invokers.TestMethodWorker.invokeBeforeClassMethods(TestMethodWorker.java:188)
at org.testng.internal.invokers.TestMethodWorker.run(TestMethodWorker.java:128)
at java.base/java.util.ArrayList.forEach(ArrayList.java:1597)
at org.testng.TestRunner.privateRun(TestRunner.java:739)
at org.testng.TestRunner.run(TestRunner.java:614)
at org.testng.SuiteRunner.runTest(SuiteRunner.java:421)
at org.testng.SuiteRunner.runSequentially(SuiteRunner.java:413)
at org.testng.SuiteRunner.privateRun(SuiteRunner.java:373)
at org.testng.SuiteRunner.run(SuiteRunner.java:312)
at org.testng.SuiteRunnerWorker.runSuite(SuiteRunnerWorker.java:52)
at org.testng.SuiteRunnerWorker.run(SuiteRunnerWorker.java:95)
at org.testng.TestNG.runSuitesSequentially(TestNG.java:1274)
at org.testng.TestNG.runSuitesLocally(TestNG.java:1208)
at org.testng.TestNG.runSuites(TestNG.java:1112)
at org.testng.TestNG.run(TestNG.java:1079)
at org.apache.maven.surefire.testng.TestNGExecutor.run(TestNGExecutor.java:135)
at org.apache.maven.surefire.testng.TestNGDirectoryTestSuite.executeMulti(TestNGDirectoryTestSuite.java:193)
at org.apache.maven.surefire.testng.TestNGDirectoryTestSuite.execute(TestNGDirectoryTestSuite.java:94)
at org.apache.maven.surefire.testng.TestNGProvider.invoke(TestNGProvider.java:146)
at org.apache.maven.surefire.booter.ForkedBooter.invokeProviderInSameClassLoader(ForkedBooter.java:386)
at org.apache.maven.surefire.booter.ForkedBooter.runSuitesInProcess(ForkedBooter.java:323)
at org.apache.maven.surefire.booter.ForkedBooter.main(ForkedBooter.java:143)
]]>
    </error>
  </testcase> <!-- setUpModulesNavigation -->
  <testcase classname="com.qa.sstaiframework.tests.Modules_NavigationTest" name="createNewProjectTest" time="0.000">
    <skipped/>
  </testcase> <!-- createNewProjectTest -->
  <testcase classname="com.qa.sstaiframework.tests.Modules_NavigationTest" name="agentScreenNavigationTest" time="0.000">
    <skipped/>
  </testcase> <!-- agentScreenNavigationTest -->
  <testcase classname="com.qa.sstaiframework.tests.Modules_NavigationTest" name="modelsScreenNavigationTest" time="0.000">
    <skipped/>
  </testcase> <!-- modelsScreenNavigationTest -->
  <testcase classname="com.qa.sstaiframework.tests.Modules_NavigationTest" name="costingScreenNavigationTest" time="0.000">
    <skipped/>
  </testcase> <!-- costingScreenNavigationTest -->
  <testcase classname="com.qa.sstaiframework.tests.Modules_NavigationTest" name="policyScreenNavigationTest" time="0.000">
    <skipped/>
  </testcase> <!-- policyScreenNavigationTest -->
  <testcase classname="com.qa.sstaiframework.tests.Modules_NavigationTest" name="containerServicesScreenNavigationTest" time="0.000">
    <skipped/>
  </testcase> <!-- containerServicesScreenNavigationTest -->
  <testcase classname="com.qa.sstaiframework.tests.Modules_NavigationTest" name="trainAgentsScreenNavigationTest" time="0.000">
    <skipped/>
  </testcase> <!-- trainAgentsScreenNavigationTest -->
  <testcase classname="com.qa.sstaiframework.tests.Modules_NavigationTest" name="chatScreenNavigationTest" time="0.000">
    <skipped/>
  </testcase> <!-- chatScreenNavigationTest -->
  <testcase classname="com.qa.sstaiframework.tests.Modules_NavigationTest" name="logoutTest" time="0.000">
    <skipped/>
  </testcase> <!-- logoutTest -->
</testsuite> <!-- com.qa.sstaiframework.tests.Modules_NavigationTest -->
